<?xml version="1.0" encoding="UTF-8"?>
<coverage generated="1667488880544" clover="3.2.0">
  <project timestamp="1667488880545" name="All files">
    <metrics statements="25" coveredstatements="25" conditionals="10" coveredconditionals="10" methods="8" coveredmethods="8" elements="43" coveredelements="43" complexity="0" loc="25" ncloc="25" packages="1" files="7" classes="7"/>
    <file name="bowerman.js" path="C:\Users\Пользователь\Desktop\ajs5.1\src\bowerman.js">
      <metrics statements="1" coveredstatements="1" conditionals="0" coveredconditionals="0" methods="1" coveredmethods="1"/>
      <line num="5" count="1" type="stmt"/>
    </file>
    <file name="character.js" path="C:\Users\Пользователь\Desktop\ajs5.1\src\character.js">
      <metrics statements="20" coveredstatements="20" conditionals="10" coveredconditionals="10" methods="3" coveredmethods="3"/>
      <line num="3" count="13" type="cond" truecount="4" falsecount="0"/>
      <line num="4" count="2" type="stmt"/>
      <line num="6" count="11" type="stmt"/>
      <line num="7" count="11" type="cond" truecount="2" falsecount="0"/>
      <line num="8" count="1" type="stmt"/>
      <line num="10" count="10" type="stmt"/>
      <line num="11" count="10" type="stmt"/>
      <line num="12" count="10" type="stmt"/>
      <line num="13" count="10" type="stmt"/>
      <line num="14" count="10" type="stmt"/>
      <line num="15" count="10" type="stmt"/>
      <line num="19" count="2" type="cond" truecount="2" falsecount="0"/>
      <line num="20" count="1" type="stmt"/>
      <line num="22" count="1" type="stmt"/>
      <line num="23" count="1" type="stmt"/>
      <line num="24" count="1" type="stmt"/>
      <line num="25" count="1" type="stmt"/>
      <line num="29" count="2" type="cond" truecount="2" falsecount="0"/>
      <line num="30" count="1" type="stmt"/>
      <line num="32" count="1" type="stmt"/>
    </file>
    <file name="daemon.js" path="C:\Users\Пользователь\Desktop\ajs5.1\src\daemon.js">
      <metrics statements="1" coveredstatements="1" conditionals="0" coveredconditionals="0" methods="1" coveredmethods="1"/>
      <line num="5" count="1" type="stmt"/>
    </file>
    <file name="magician.js" path="C:\Users\Пользователь\Desktop\ajs5.1\src\magician.js">
      <metrics statements="1" coveredstatements="1" conditionals="0" coveredconditionals="0" methods="1" coveredmethods="1"/>
      <line num="5" count="1" type="stmt"/>
    </file>
    <file name="swordsman.js" path="C:\Users\Пользователь\Desktop\ajs5.1\src\swordsman.js">
      <metrics statements="1" coveredstatements="1" conditionals="0" coveredconditionals="0" methods="1" coveredmethods="1"/>
      <line num="5" count="1" type="stmt"/>
    </file>
    <file name="undead.js" path="C:\Users\Пользователь\Desktop\ajs5.1\src\undead.js">
      <metrics statements="0" coveredstatements="0" conditionals="0" coveredconditionals="0" methods="0" coveredmethods="0"/>
    </file>
    <file name="zombie.js" path="C:\Users\Пользователь\Desktop\ajs5.1\src\zombie.js">
      <metrics statements="1" coveredstatements="1" conditionals="0" coveredconditionals="0" methods="1" coveredmethods="1"/>
      <line num="5" count="1" type="stmt"/>
    </file>
  </project>
</coverage>
