{"C:\\Users\\Пользователь\\Desktop\\ajs5.1\\src\\bowerman.js": {"path":"C:\\Users\\Пользователь\\Desktop\\ajs5.1\\src\\bowerman.js","statementMap":{"0":{"start":{"line":5,"column":4},"end":{"line":5,"column":85}}},"fnMap":{"0":{"name":"(anonymous_0)","decl":{"start":{"line":4,"column":2},"end":{"line":4,"column":3}},"loc":{"start":{"line":4,"column":58},"end":{"line":6,"column":3}},"line":4}},"branchMap":{},"s":{"0":1},"f":{"0":1},"b":{},"_coverageSchema":"1a1c01bbd47fc00a2c39e90264f33305004495a9","hash":"51fb58d78d6b195c7a52ae354e452e23a3d27041"}
,"C:\\Users\\Пользователь\\Desktop\\ajs5.1\\src\\character.js": {"path":"C:\\Users\\Пользователь\\Desktop\\ajs5.1\\src\\character.js","statementMap":{"0":{"start":{"line":3,"column":6},"end":{"line":5,"column":7}},"1":{"start":{"line":4,"column":8},"end":{"line":4,"column":79}},"2":{"start":{"line":6,"column":18},"end":{"line":6,"column":83}},"3":{"start":{"line":7,"column":6},"end":{"line":9,"column":7}},"4":{"start":{"line":8,"column":8},"end":{"line":8,"column":122}},"5":{"start":{"line":10,"column":6},"end":{"line":10,"column":23}},"6":{"start":{"line":11,"column":6},"end":{"line":11,"column":23}},"7":{"start":{"line":12,"column":6},"end":{"line":12,"column":27}},"8":{"start":{"line":13,"column":6},"end":{"line":13,"column":25}},"9":{"start":{"line":14,"column":6},"end":{"line":14,"column":27}},"10":{"start":{"line":15,"column":6},"end":{"line":15,"column":29}},"11":{"start":{"line":19,"column":6},"end":{"line":21,"column":7}},"12":{"start":{"line":20,"column":8},"end":{"line":20,"column":45}},"13":{"start":{"line":22,"column":6},"end":{"line":22,"column":22}},"14":{"start":{"line":23,"column":6},"end":{"line":23,"column":38}},"15":{"start":{"line":24,"column":6},"end":{"line":24,"column":40}},"16":{"start":{"line":25,"column":6},"end":{"line":25,"column":25}},"17":{"start":{"line":29,"column":6},"end":{"line":31,"column":7}},"18":{"start":{"line":30,"column":8},"end":{"line":30,"column":45}},"19":{"start":{"line":32,"column":6},"end":{"line":32,"column":55}}},"fnMap":{"0":{"name":"(anonymous_0)","decl":{"start":{"line":2,"column":4},"end":{"line":2,"column":5}},"loc":{"start":{"line":2,"column":60},"end":{"line":16,"column":5}},"line":2},"1":{"name":"(anonymous_1)","decl":{"start":{"line":18,"column":4},"end":{"line":18,"column":5}},"loc":{"start":{"line":18,"column":14},"end":{"line":26,"column":5}},"line":18},"2":{"name":"(anonymous_2)","decl":{"start":{"line":28,"column":4},"end":{"line":28,"column":5}},"loc":{"start":{"line":28,"column":19},"end":{"line":33,"column":5}},"line":28}},"branchMap":{"0":{"loc":{"start":{"line":3,"column":6},"end":{"line":5,"column":7}},"type":"if","locations":[{"start":{"line":3,"column":6},"end":{"line":5,"column":7}},{"start":{},"end":{}}],"line":3},"1":{"loc":{"start":{"line":3,"column":10},"end":{"line":3,"column":49}},"type":"binary-expr","locations":[{"start":{"line":3,"column":11},"end":{"line":3,"column":26}},{"start":{"line":3,"column":32},"end":{"line":3,"column":48}}],"line":3},"2":{"loc":{"start":{"line":7,"column":6},"end":{"line":9,"column":7}},"type":"if","locations":[{"start":{"line":7,"column":6},"end":{"line":9,"column":7}},{"start":{},"end":{}}],"line":7},"3":{"loc":{"start":{"line":19,"column":6},"end":{"line":21,"column":7}},"type":"if","locations":[{"start":{"line":19,"column":6},"end":{"line":21,"column":7}},{"start":{},"end":{}}],"line":19},"4":{"loc":{"start":{"line":29,"column":6},"end":{"line":31,"column":7}},"type":"if","locations":[{"start":{"line":29,"column":6},"end":{"line":31,"column":7}},{"start":{},"end":{}}],"line":29}},"s":{"0":13,"1":2,"2":11,"3":11,"4":1,"5":10,"6":10,"7":10,"8":10,"9":10,"10":10,"11":2,"12":1,"13":1,"14":1,"15":1,"16":1,"17":2,"18":1,"19":1},"f":{"0":13,"1":2,"2":2},"b":{"0":[2,11],"1":[13,12],"2":[1,10],"3":[1,1],"4":[1,1]},"_coverageSchema":"1a1c01bbd47fc00a2c39e90264f33305004495a9","hash":"3aa665e7e40efce8dc702a56e23f09b567a4ef3a"}
,"C:\\Users\\Пользователь\\Desktop\\ajs5.1\\src\\daemon.js": {"path":"C:\\Users\\Пользователь\\Desktop\\ajs5.1\\src\\daemon.js","statementMap":{"0":{"start":{"line":5,"column":4},"end":{"line":5,"column":85}}},"fnMap":{"0":{"name":"(anonymous_0)","decl":{"start":{"line":4,"column":2},"end":{"line":4,"column":3}},"loc":{"start":{"line":4,"column":58},"end":{"line":6,"column":3}},"line":4}},"branchMap":{},"s":{"0":1},"f":{"0":1},"b":{},"_coverageSchema":"1a1c01bbd47fc00a2c39e90264f33305004495a9","hash":"06d2e2c4f54e728b53b5eca761b0a046c6bcf1ae"}
,"C:\\Users\\Пользователь\\Desktop\\ajs5.1\\src\\magician.js": {"path":"C:\\Users\\Пользователь\\Desktop\\ajs5.1\\src\\magician.js","statementMap":{"0":{"start":{"line":5,"column":4},"end":{"line":5,"column":87}}},"fnMap":{"0":{"name":"(anonymous_0)","decl":{"start":{"line":4,"column":2},"end":{"line":4,"column":3}},"loc":{"start":{"line":4,"column":58},"end":{"line":6,"column":3}},"line":4}},"branchMap":{},"s":{"0":1},"f":{"0":1},"b":{},"_coverageSchema":"1a1c01bbd47fc00a2c39e90264f33305004495a9","hash":"c2f8376d89b048f959ab8a0345448ca84738f810"}
,"C:\\Users\\Пользователь\\Desktop\\ajs5.1\\src\\swordsman.js": {"path":"C:\\Users\\Пользователь\\Desktop\\ajs5.1\\src\\swordsman.js","statementMap":{"0":{"start":{"line":5,"column":4},"end":{"line":5,"column":88}}},"fnMap":{"0":{"name":"(anonymous_0)","decl":{"start":{"line":4,"column":2},"end":{"line":4,"column":3}},"loc":{"start":{"line":4,"column":58},"end":{"line":6,"column":3}},"line":4}},"branchMap":{},"s":{"0":1},"f":{"0":1},"b":{},"_coverageSchema":"1a1c01bbd47fc00a2c39e90264f33305004495a9","hash":"1be39439b9026e5b0689ab9e442b8e1cf5eb9ea7"}
,"C:\\Users\\Пользователь\\Desktop\\ajs5.1\\src\\undead.js": {"path":"C:\\Users\\Пользователь\\Desktop\\ajs5.1\\src\\undead.js","statementMap":{},"fnMap":{},"branchMap":{},"s":{},"f":{},"b":{},"_coverageSchema":"1a1c01bbd47fc00a2c39e90264f33305004495a9","hash":"8731f626c2d66304270da30857d9f16932de5ddc"}
,"C:\\Users\\Пользователь\\Desktop\\ajs5.1\\src\\zombie.js": {"path":"C:\\Users\\Пользователь\\Desktop\\ajs5.1\\src\\zombie.js","statementMap":{"0":{"start":{"line":5,"column":4},"end":{"line":5,"column":85}}},"fnMap":{"0":{"name":"(anonymous_0)","decl":{"start":{"line":4,"column":2},"end":{"line":4,"column":3}},"loc":{"start":{"line":4,"column":58},"end":{"line":6,"column":3}},"line":4}},"branchMap":{},"s":{"0":1},"f":{"0":1},"b":{},"_coverageSchema":"1a1c01bbd47fc00a2c39e90264f33305004495a9","hash":"892092af172c2939bd6bd3800f33737db49a892f"}
}
